make --dry-run --keep-going --print-directory
make: Entering directory `/Users/xuemingwang/42/ft_irc'
clang++ -Wall -Wextra -Werror -std=c++98  -I./inc -I./inc/cmd -c src/main.cpp -o src/main.o
 
clang++ -Wall -Wextra -Werror -std=c++98  -I./inc -I./inc/cmd -c src/socket.cpp -o src/socket.o
clang++ -Wall -Wextra -Werror -std=c++98  -I./inc -I./inc/cmd -c src/utils.cpp -o src/utils.o
clang++ -Wall -Wextra -Werror -std=c++98  -I./inc -I./inc/cmd -c src/select.cpp -o src/select.o
clang++ -Wall -Wextra -Werror -std=c++98  -I./inc -I./inc/cmd -c src/user.cpp -o src/user.o
clang++ -Wall -Wextra -Werror -std=c++98  -I./inc -I./inc/cmd -c src/command/ping.cpp -o src/command/ping.o
clang++ -Wall -Wextra -Werror -std=c++98  -I./inc -I./inc/cmd -c src/command.cpp -o src/command.o
clang++ -Wall -Wextra -Werror -std=c++98  -I./inc -I./inc/cmd -c src/command/nick.cpp -o src/command/nick.o
clang++ -Wall -Wextra -Werror -std=c++98  -I./inc -I./inc/cmd -c src/command/part.cpp -o src/command/part.o
clang++ -Wall -Wextra -Werror -std=c++98  -I./inc -I./inc/cmd -c src/command/privmsg.cpp -o src/command/privmsg.o
clang++ -Wall -Wextra -Werror -std=c++98  -I./inc -I./inc/cmd -c src/command/join.cpp -o src/command/join.o
clang++ -Wall -Wextra -Werror -std=c++98  -I./inc -I./inc/cmd -c src/command/list.cpp -o src/command/list.o
clang++ -Wall -Wextra -Werror -std=c++98  -I./inc -I./inc/cmd -c src/command/kick.cpp -o src/command/kick.o
clang++ -Wall -Wextra -Werror -std=c++98  -I./inc -I./inc/cmd -c src/invoker.cpp -o src/invoker.o
clang++ -Wall -Wextra -Werror -std=c++98  -I./inc -I./inc/cmd -c src/channel.cpp -o src/channel.o
clang++ -Wall -Wextra -Werror -std=c++98  -I./inc -I./inc/cmd -c src/command/quit.cpp -o src/command/quit.o
clang++ -Wall -Wextra -Werror -std=c++98  -I./inc -I./inc/cmd -c src/command/invite.cpp -o src/command/invite.o
echo "compiler>>>>>>>>" 
clang++ -Wall -Wextra -Werror -std=c++98  ./src/main.o ./src/socket.o ./src/utils.o ./src/select.o ./src/user.o ./src/command/ping.o ./src/command.o ./src/command/nick.o ./src/command/part.o ./src/command/privmsg.o ./src/command/join.o ./src/command/list.o ./src/command/kick.o ./src/invoker.o ./src/channel.o ./src/command/join.o ./src/command/quit.o ./src/command/invite.o -o ircserv 
echo "IRC done!"
./ircserv 8080 123
make: Leaving directory `/Users/xuemingwang/42/ft_irc'
 
