make all --print-data-base --no-builtin-variables --no-builtin-rules --question
# GNU Make 3.81
# Copyright (C) 2006  Free Software Foundation, Inc.
# This is free software; see the source for copying conditions.
# There is NO warranty; not even for MERCHANTABILITY or FITNESS FOR A
# PARTICULAR PURPOSE.

# This program built for i386-apple-darwin11.3.0
 

# Make data base, printed on Thu May 19 20:42:15 2022

# Variables

# automatic
<D = $(patsubst %/,%,$(dir $<))
# automatic
?F = $(notdir $?)
# environment
VSCODE_LOG_NATIVE = false
# environment
 
NVM_INC = /Users/xuemingwang/.nvm/versions/node/v18.1.0/include/node
# automatic
?D = $(patsubst %/,%,$(dir $?))
# automatic
@D = $(patsubst %/,%,$(dir $@))
# automatic
@F = $(notdir $@)
# makefile
CURDIR := /Users/xuemingwang/42/ft_irc
# makefile
SHELL = /bin/sh
# environment
VSCODE_NLS_CONFIG = {"locale":"fr","availableLanguages":{"*":"fr"},"_languagePackId":"25fe6a3290ec415596628d4afc87a88c.fr","_translationsConfigFile":"/Users/xuemingwang/Library/Application Support/Code/clp/25fe6a3290ec415596628d4afc87a88c.fr/tcf.json","_cacheRoot":"/Users/xuemingwang/Library/Application Support/Code/clp/25fe6a3290ec415596628d4afc87a88c.fr","_resolvedLanguagePackCoreLocation":"/Users/xuemingwang/Library/Application Support/Code/clp/25fe6a3290ec415596628d4afc87a88c.fr/da15b6fd3ef856477bf6f4fb29ba1b7af717770d","_corruptedFile":"/Users/xuemingwang/Library/Application Support/Code/clp/25fe6a3290ec415596628d4afc87a88c.fr/corrupted.info","_languagePackSupport":true}
# environment
_ = /usr/bin/make
# makefile (from `Makefile', line 1)
MAKEFILE_LIST :=  Makefile
# environment
AUTOJUMP_SOURCED = 1
# environment
VSCODE_VERBOSE_LOGGING = true
# environment
__CFBundleIdentifier = com.microsoft.VSCode
# environment
INFOPATH = /opt/homebrew/share/info:/opt/homebrew/share/info:
# environment
P9K_SSH = 0
# environment
VSCODE_IPC_HOOK_EXTHOST = /var/folders/4_/0177sp3109bf67tv30l_2fm80000gn/T/vscode-ipc-c2c0eecb-d5d4-4bf7-a9ff-8d556f5ba28e.sock
# environment
VSCODE_CWD = /
# environment
PATH = /Users/xuemingwang/.nvm/versions/node/v18.1.0/bin:/opt/homebrew/bin:/opt/homebrew/sbin:/usr/local/bin:/usr/bin:/bin:/usr/sbin:/sbin:/Library/Apple/usr/bin:/Users/xuemingwang/.nvm/versions/node/v18.1.0/bin:/opt/homebrew/bin:/opt/homebrew/sbin
# environment
LSCOLORS = Gxfxcxdxbxegedabagacad
# makefile (from `Makefile', line 5)
CFLAGES = -Wall -Wextra -Werror -std=c++98 
# environment
NVM_BIN = /Users/xuemingwang/.nvm/versions/node/v18.1.0/bin
# environment
VSCODE_LOG_STACK = false
# environment
ELECTRON_RUN_AS_NODE = 1
# default
.FEATURES := target-specific order-only second-expansion else-if archives jobserver check-symlink
# environment
SSH_AUTH_SOCK = /private/tmp/com.apple.launchd.4VmWFbKd4S/Listeners
# automatic
%F = $(notdir $%)
# environment
VSCODE_PIPE_LOGGING = true
# makefile (from `Makefile', line 29)
OBJS := ./src/main.o ./src/socket.o ./src/utils.o ./src/select.o ./src/user.o ./src/command/ping.o ./src/command.o ./src/command/nick.o ./src/command/part.o ./src/command/privmsg.o ./src/command/join.o ./src/command/list.o ./src/command/kick.o ./src/invoker.o ./src/channel.o ./src/command/join.o ./src/command/quit.o ./src/command/invite.o
# environment
PWD = /Users/xuemingwang/42/ft_irc
# environment
HOMEBREW_CELLAR = /opt/homebrew/Cellar
# environment
ORIGINAL_XDG_CURRENT_DESKTOP = undefined
# environment
MANPATH = /Users/xuemingwang/.nvm/versions/node/v18.1.0/share/man:/opt/homebrew/share/man:/usr/share/man:/usr/local/share/man:/Users/xuemingwang/.nvm/versions/node/v18.1.0/share/man:/opt/homebrew/share/man:
# environment
VSCODE_AMD_ENTRYPOINT = vs/workbench/api/node/extensionHostProcess
# environment
HOME = /Users/xuemingwang
# default
MAKEFILEPATH = $(shell /usr/bin/xcode-select -print-path 2>/dev/null || echo /Developer)/Makefiles
# environment
VSCODE_CODE_CACHE_PATH = /Users/xuemingwang/Library/Application Support/Code/CachedData/da15b6fd3ef856477bf6f4fb29ba1b7af717770d
# environment
LOGNAME = xuemingwang
# environment
APPLICATION_INSIGHTS_NO_DIAGNOSTIC_CHANNEL = 1
# environment
NVM_CD_FLAGS = -q
# environment
ZSH = /Users/xuemingwang/.oh-my-zsh
# environment
VSCODE_HANDLES_UNCAUGHT_ERRORS = true
# automatic
^D = $(patsubst %/,%,$(dir $^))
# environment
XPC_FLAGS = 0x0
# environment
COLORTERM = truecolor
# default
MAKE = $(MAKE_COMMAND)
# environment
LC_TERMINAL = iTerm2
# makefile (from `Makefile', line 10)
SRCS := ./src/main.cpp ./src/socket.cpp ./src/utils.cpp ./src/select.cpp ./src/user.cpp ./src/command/ping.cpp ./src/command.cpp ./src/command/nick.cpp ./src/command/part.cpp ./src/command/privmsg.cpp ./src/command/join.cpp ./src/command/list.cpp ./src/command/kick.cpp ./src/invoker.cpp ./src/channel.cpp ./src/command/join.cpp ./src/command/quit.cpp ./src/command/invite.cpp
# environment
SHLVL = 2
# makefile (from `Makefile', line 3)
CC = clang++
# default
MAKE_VERSION := 3.81
# environment
USER = xuemingwang
# makefile
.DEFAULT_GOAL := ircserv
# default
MAKECMDGOALS := all
# environment
TERM_SESSION_ID = w0t0p0:76107199-C8E2-4123-92FA-92C6BBBFFDBE
# makefile (from `Makefile', line 1)
NAME = ircserv
# environment
LESS = -R
# automatic
%D = $(patsubst %/,%,$(dir $%))
# default
MAKE_COMMAND := /Library/Developer/CommandLineTools/usr/bin/make
# makefile (from `Makefile', line 8)
IFLAGES = -I./inc -I./inc/cmd
# environment
TERM_PROGRAM = iTerm.app
# default
.VARIABLES := 
# environment
TMPDIR = /var/folders/4_/0177sp3109bf67tv30l_2fm80000gn/T/
# automatic
*F = $(notdir $*)
# environment
VSCODE_IPC_HOOK = /Users/xuemingwang/Library/Application Support/Code/1.67.1-main.sock
# makefile
MAKEFLAGS = Rrqp
# environment
MFLAGS = -Rrqp
# automatic
*D = $(patsubst %/,%,$(dir $*))
# environment
TERM_PROGRAM_VERSION = 3.4.15
# environment
NVM_DIR = /Users/xuemingwang/.nvm
# environment
XPC_SERVICE_NAME = application.com.microsoft.VSCode.10028500.10028506
# environment
LC_TERMINAL_VERSION = 3.4.15
# environment
HOMEBREW_PREFIX = /opt/homebrew
# automatic
+D = $(patsubst %/,%,$(dir $+))
# automatic
+F = $(notdir $+)
# environment
ITERM_SESSION_ID = w0t0p0:76107199-C8E2-4123-92FA-92C6BBBFFDBE
# environment
HOMEBREW_REPOSITORY = /opt/homebrew
# environment
COLORFGBG = 7;0
# environment
__CF_USER_TEXT_ENCODING = 0x1F5:0x0:0x1
# environment
COMMAND_MODE = unix2003
# default
MAKEFILES := 
# automatic
<F = $(notdir $<)
# environment
ITERM_PROFILE = Default
# environment
PAGER = less
# environment
LC_ALL = C
# environment
P9K_TTY = old
# automatic
^F = $(notdir $^)
# default
SUFFIXES := 
# default
.INCLUDE_DIRS = /usr/local/include
# environment
MAKELEVEL := 0
# environment
AUTOJUMP_ERROR_PATH = /Users/xuemingwang/Library/autojump/errors.log
# environment
LANG = C
# environment
TERM = xterm-256color
# environment
_P9K_TTY = /dev/ttys002
# environment
VSCODE_PID = 7148
# variable set hash-table stats:
# Load=96/1024=9%, Rehash=0, Collisions=8/129=6%

# Pattern-specific Variable Values

# No pattern-specific variable values.

# Directories

# . (device 16777232, inode 10132598): 10 files, no impossibilities.
# src (device 16777232, inode 10132691): 11 files, no impossibilities so far.

# 21 files, no impossibilities in 2 directories.

# Implicit Rules

%.o: %.cpp
#  commands to execute (from `Makefile', line 49):
	@$(CC) $(CFLAGES) $(IFLAGES) -c $< -o $@
	

# 1 implicit rules, 0 (0.0%) terminal.

# Files

# Not a target:
src/command/privmsg.o:
#  Implicit rule search has not been done.
#  Modification time never checked.
#  File has not been updated.

# Not a target:
src/command/kick.o:
#  Implicit rule search has not been done.
#  Modification time never checked.
#  File has not been updated.

all: ircserv
#  Phony target (prerequisite of .PHONY).
#  Command-line target.
#  Implicit rule search has not been done.
#  File does not exist.
#  File has been updated.
#  Needs to be updated (-q is set).
# variable set hash-table stats:
# Load=0/32=0%, Rehash=0, Collisions=0/5=0%

# Not a target:
src/select.o:
#  Implicit rule search has not been done.
#  Modification time never checked.
#  File has not been updated.

.PHONY: all clean fclean re
#  Implicit rule search has not been done.
#  Modification time never checked.
#  File has not been updated.
#  commands to execute (from `Makefile', line 54):
	

src/main.o: src/main.cpp
#  Implicit rule search has been done.
#  Implicit/static pattern stem: `src/main'
#  File does not exist.
#  File has been updated.
#  Needs to be updated (-q is set).
# automatic
# @ := src/main.o
# automatic
# % := 
# automatic
# * := src/main
# automatic
# + := src/main.cpp
# automatic
# | := 
# automatic
# < := src/main.cpp
# automatic
# ^ := src/main.cpp
 
# automatic
# ? := src/main.cpp
# variable set hash-table stats:
# Load=8/32=25%, Rehash=0, Collisions=1/15=7%
#  commands to execute (from `Makefile', line 49):
	@$(CC) $(CFLAGES) $(IFLAGES) -c $< -o $@
	

# Not a target:
src/command/part.o:
#  Implicit rule search has not been done.
#  Modification time never checked.
#  File has not been updated.

# Not a target:
src/channel.o:
#  Implicit rule search has not been done.
#  Modification time never checked.
#  File has not been updated.

# Not a target:
src/command/join.o:
#  Implicit rule search has not been done.
#  Modification time never checked.
#  File has not been updated.

# Not a target:
.SUFFIXES:
#  Implicit rule search has not been done.
#  Modification time never checked.
#  File has not been updated.

# Not a target:
Makefile:
#  Implicit rule search has been done.
#  Last modified 2022-05-19 20:41:57
#  File has been updated.
#  Successfully updated.
# variable set hash-table stats:
# Load=0/32=0%, Rehash=0, Collisions=0/0=0%

ircserv: src/main.o src/socket.o src/utils.o src/select.o src/user.o src/command/ping.o src/command.o src/command/nick.o src/command/part.o src/command/privmsg.o src/command/join.o src/command/list.o src/command/kick.o src/invoker.o src/channel.o src/command/join.o src/command/quit.o src/command/invite.o
#  Implicit rule search has not been done.
#  File does not exist.
#  File has been updated.
#  Needs to be updated (-q is set).
# variable set hash-table stats:
# Load=0/32=0%, Rehash=0, Collisions=0/5=0%
#  commands to execute (from `Makefile', line 32):
	@echo "compiler>>>>>>>>" 
	@$(CC) $(CFLAGES) $(OBJS) -o $@ 
	@echo "IRC done!"
	@./$(NAME) 8080 123
	

# Not a target:
src/command/list.o:
#  Implicit rule search has not been done.
#  Modification time never checked.
#  File has not been updated.

# Not a target:
src/command/invite.o:
#  Implicit rule search has not been done.
#  Modification time never checked.
#  File has not been updated.

fclean: clean
#  Phony target (prerequisite of .PHONY).
#  Implicit rule search has not been done.
#  File does not exist.
#  File has not been updated.
#  commands to execute (from `Makefile', line 45):
	@rm -rf $(NAME)
	@echo "Delete all"
	

# Not a target:
src/command/quit.o:
#  Implicit rule search has not been done.
#  Modification time never checked.
#  File has not been updated.

# Not a target:
src/command/ping.o:
#  Implicit rule search has not been done.
#  Modification time never checked.
#  File has not been updated.

# Not a target:
src/invoker.o:
#  Implicit rule search has not been done.
#  Modification time never checked.
#  File has not been updated.

# Not a target:
src/command/nick.o:
#  Implicit rule search has not been done.
#  Modification time never checked.
#  File has not been updated.

# Not a target:
src/utils.o:
#  Implicit rule search has not been done.
#  Modification time never checked.
#  File has not been updated.

# Not a target:
.DEFAULT:
#  Implicit rule search has not been done.
#  Modification time never checked.
#  File has not been updated.

# Not a target:
src/socket.o:
#  Implicit rule search has not been done.
#  Modification time never checked.
#  File has not been updated.

re: fclean all
#  Phony target (prerequisite of .PHONY).
#  Implicit rule search has not been done.
#  File does not exist.
#  File has not been updated.

clean:
#  Phony target (prerequisite of .PHONY).
#  Implicit rule search has not been done.
#  File does not exist.
#  File has not been updated.
#  commands to execute (from `Makefile', line 41):
	@rm -rf $(OBJS)
	@echo "Delete"
	

# Not a target:
src/main.cpp:
#  Implicit rule search has been done.
#  Last modified 2022-05-17 15:46:13
#  File has been updated.
#  Successfully updated.
# variable set hash-table stats:
# Load=0/32=0%, Rehash=0, Collisions=0/0=0%

# Not a target:
src/command.o:
#  Implicit rule search has not been done.
#  Modification time never checked.
#  File has not been updated.

# Not a target:
src/user.o:
#  Implicit rule search has not been done.
#  Modification time never checked.
#  File has not been updated.

# files hash-table stats:
# Load=27/1024=3%, Rehash=0, Collisions=0/69=0%
# VPATH Search Paths

# No `vpath' search paths.

# No general (`VPATH' variable) search path.

# # of strings in strcache: 1
# # of strcache buffers: 1
# strcache size: total = 4096 / max = 4096 / min = 4096 / avg = 4096
# strcache free: total = 4087 / max = 4087 / min = 4087 / avg = 4087

# Finished Make data base on Thu May 19 20:42:15 2022

 
